2020-03-06 19:25:12 [restartedMain] - Starting RestServiceDemoApplication on INBLRUBB0058 with PID 21544 (C:\sachin\Learning_Workspace\RestServiceDemo\target\classes started by sc849m in C:\sachin\Learning_Workspace\RestServiceDemo)
2020-03-06 19:25:12 [restartedMain] - The following profiles are active: complex,local
2020-03-06 19:25:12 [restartedMain] - Tomcat initialized with port(s): 8088 (http)
2020-03-06 19:25:12 [restartedMain] - Starting service [Tomcat]
2020-03-06 19:25:12 [restartedMain] - Starting Servlet engine: [Apache Tomcat/9.0.29]
2020-03-06 19:25:12 [restartedMain] - Initializing Spring embedded WebApplicationContext
2020-03-06 19:25:12 [restartedMain] - Root WebApplicationContext: initialization completed in 414 ms
2020-03-06 19:25:12 [restartedMain] - Initializing ExecutorService 'applicationTaskExecutor'
2020-03-06 19:25:12 [restartedMain] - LiveReload server is running on port 35729
2020-03-06 19:25:12 [restartedMain] - Exposing 2 endpoint(s) beneath base path '/actuator'
2020-03-06 19:25:12 [restartedMain] - Tomcat started on port(s): 8088 (http) with context path ''
2020-03-06 19:25:12 [restartedMain] - Started RestServiceDemoApplication in 0.663 seconds (JVM running for 5067.785)
2020-03-06 19:25:12 [restartedMain] - Condition evaluation unchanged
2020-03-06 19:34:13 [Thread-136] - Shutting down ExecutorService 'applicationTaskExecutor'
2020-03-06 19:34:14 [restartedMain] - Starting RestServiceDemoApplication on INBLRUBB0058 with PID 21544 (C:\sachin\Learning_Workspace\RestServiceDemo\target\classes started by sc849m in C:\sachin\Learning_Workspace\RestServiceDemo)
2020-03-06 19:34:14 [restartedMain] - The following profiles are active: complex,local
2020-03-06 19:34:15 [restartedMain] - Tomcat initialized with port(s): 8088 (http)
2020-03-06 19:34:15 [restartedMain] - Starting service [Tomcat]
2020-03-06 19:34:15 [restartedMain] - Starting Servlet engine: [Apache Tomcat/9.0.29]
2020-03-06 19:34:15 [restartedMain] - Initializing Spring embedded WebApplicationContext
2020-03-06 19:34:15 [restartedMain] - Root WebApplicationContext: initialization completed in 861 ms
2020-03-06 19:34:15 [restartedMain] - Initializing ExecutorService 'applicationTaskExecutor'
2020-03-06 19:34:15 [restartedMain] - LiveReload server is running on port 35729
2020-03-06 19:34:15 [restartedMain] - Exposing 2 endpoint(s) beneath base path '/actuator'
2020-03-06 19:34:15 [restartedMain] - Tomcat started on port(s): 8088 (http) with context path ''
2020-03-06 19:34:15 [restartedMain] - Started RestServiceDemoApplication in 1.287 seconds (JVM running for 5610.835)
2020-03-06 19:34:15 [restartedMain] - Condition evaluation unchanged
2020-03-06 19:48:19 [Thread-142] - Shutting down ExecutorService 'applicationTaskExecutor'
2020-03-06 19:48:20 [restartedMain] - Starting RestServiceDemoApplication on INBLRUBB0058 with PID 21544 (C:\sachin\Learning_Workspace\RestServiceDemo\target\classes started by sc849m in C:\sachin\Learning_Workspace\RestServiceDemo)
2020-03-06 19:48:20 [restartedMain] - The following profiles are active: complex,local
2020-03-06 19:48:21 [restartedMain] - Exception encountered during context initialization - cancelling refresh attempt: org.springframework.context.ApplicationContextException: Unable to start web server; nested exception is org.springframework.beans.factory.BeanCreationException: Error creating bean with name 'tomcatServletWebServerFactory' defined in class path resource [org/springframework/boot/autoconfigure/web/servlet/ServletWebServerFactoryConfiguration$EmbeddedTomcat.class]: Initialization of bean failed; nested exception is java.lang.IllegalArgumentException: ContextPath must start with '/' and not end with '/'
2020-03-06 19:48:21 [restartedMain] - 

Error starting ApplicationContext. To display the conditions report re-run your application with 'debug' enabled.
2020-03-06 19:48:21 [restartedMain] - Application run failed
org.springframework.context.ApplicationContextException: Unable to start web server; nested exception is org.springframework.beans.factory.BeanCreationException: Error creating bean with name 'tomcatServletWebServerFactory' defined in class path resource [org/springframework/boot/autoconfigure/web/servlet/ServletWebServerFactoryConfiguration$EmbeddedTomcat.class]: Initialization of bean failed; nested exception is java.lang.IllegalArgumentException: ContextPath must start with '/' and not end with '/'
	at org.springframework.boot.web.servlet.context.ServletWebServerApplicationContext.onRefresh(ServletWebServerApplicationContext.java:156) ~[spring-boot-2.1.11.RELEASE.jar:2.1.11.RELEASE]
	at org.springframework.context.support.AbstractApplicationContext.refresh(AbstractApplicationContext.java:543) ~[spring-context-5.1.12.RELEASE.jar:5.1.12.RELEASE]
	at org.springframework.boot.web.servlet.context.ServletWebServerApplicationContext.refresh(ServletWebServerApplicationContext.java:141) ~[spring-boot-2.1.11.RELEASE.jar:2.1.11.RELEASE]
	at org.springframework.boot.SpringApplication.refresh(SpringApplication.java:744) [spring-boot-2.1.11.RELEASE.jar:2.1.11.RELEASE]
	at org.springframework.boot.SpringApplication.refreshContext(SpringApplication.java:391) [spring-boot-2.1.11.RELEASE.jar:2.1.11.RELEASE]
	at org.springframework.boot.SpringApplication.run(SpringApplication.java:312) [spring-boot-2.1.11.RELEASE.jar:2.1.11.RELEASE]
	at org.springframework.boot.SpringApplication.run(SpringApplication.java:1215) [spring-boot-2.1.11.RELEASE.jar:2.1.11.RELEASE]
	at org.springframework.boot.SpringApplication.run(SpringApplication.java:1204) [spring-boot-2.1.11.RELEASE.jar:2.1.11.RELEASE]
	at com.example.sachin.RestServiceDemo.RestServiceDemoApplication.main(RestServiceDemoApplication.java:14) [classes/:na]
	at sun.reflect.NativeMethodAccessorImpl.invoke0(Native Method) ~[na:1.8.0_111]
	at sun.reflect.NativeMethodAccessorImpl.invoke(NativeMethodAccessorImpl.java:62) ~[na:1.8.0_111]
	at sun.reflect.DelegatingMethodAccessorImpl.invoke(DelegatingMethodAccessorImpl.java:43) ~[na:1.8.0_111]
	at java.lang.reflect.Method.invoke(Method.java:498) ~[na:1.8.0_111]
	at org.springframework.boot.devtools.restart.RestartLauncher.run(RestartLauncher.java:49) [spring-boot-devtools-2.1.11.RELEASE.jar:2.1.11.RELEASE]
Caused by: org.springframework.beans.factory.BeanCreationException: Error creating bean with name 'tomcatServletWebServerFactory' defined in class path resource [org/springframework/boot/autoconfigure/web/servlet/ServletWebServerFactoryConfiguration$EmbeddedTomcat.class]: Initialization of bean failed; nested exception is java.lang.IllegalArgumentException: ContextPath must start with '/' and not end with '/'
	at org.springframework.beans.factory.support.AbstractAutowireCapableBeanFactory.doCreateBean(AbstractAutowireCapableBeanFactory.java:601) ~[spring-beans-5.1.12.RELEASE.jar:5.1.12.RELEASE]
	at org.springframework.beans.factory.support.AbstractAutowireCapableBeanFactory.createBean(AbstractAutowireCapableBeanFactory.java:515) ~[spring-beans-5.1.12.RELEASE.jar:5.1.12.RELEASE]
	at org.springframework.beans.factory.support.AbstractBeanFactory.lambda$doGetBean$0(AbstractBeanFactory.java:320) ~[spring-beans-5.1.12.RELEASE.jar:5.1.12.RELEASE]
	at org.springframework.beans.factory.support.DefaultSingletonBeanRegistry.getSingleton(DefaultSingletonBeanRegistry.java:222) ~[spring-beans-5.1.12.RELEASE.jar:5.1.12.RELEASE]
	at org.springframework.beans.factory.support.AbstractBeanFactory.doGetBean(AbstractBeanFactory.java:318) ~[spring-beans-5.1.12.RELEASE.jar:5.1.12.RELEASE]
	at org.springframework.beans.factory.support.AbstractBeanFactory.getBean(AbstractBeanFactory.java:204) ~[spring-beans-5.1.12.RELEASE.jar:5.1.12.RELEASE]
	at org.springframework.boot.web.servlet.context.ServletWebServerApplicationContext.getWebServerFactory(ServletWebServerApplicationContext.java:210) ~[spring-boot-2.1.11.RELEASE.jar:2.1.11.RELEASE]
	at org.springframework.boot.web.servlet.context.ServletWebServerApplicationContext.createWebServer(ServletWebServerApplicationContext.java:179) ~[spring-boot-2.1.11.RELEASE.jar:2.1.11.RELEASE]
	at org.springframework.boot.web.servlet.context.ServletWebServerApplicationContext.onRefresh(ServletWebServerApplicationContext.java:153) ~[spring-boot-2.1.11.RELEASE.jar:2.1.11.RELEASE]
	... 13 common frames omitted
Caused by: java.lang.IllegalArgumentException: ContextPath must start with '/' and not end with '/'
	at org.springframework.boot.web.servlet.server.AbstractServletWebServerFactory.checkContextPath(AbstractServletWebServerFactory.java:133) ~[spring-boot-2.1.11.RELEASE.jar:2.1.11.RELEASE]
	at org.springframework.boot.web.servlet.server.AbstractServletWebServerFactory.setContextPath(AbstractServletWebServerFactory.java:122) ~[spring-boot-2.1.11.RELEASE.jar:2.1.11.RELEASE]
	at org.springframework.boot.context.properties.PropertyMapper$Source.to(PropertyMapper.java:316) ~[spring-boot-2.1.11.RELEASE.jar:2.1.11.RELEASE]
	at org.springframework.boot.autoconfigure.web.servlet.ServletWebServerFactoryCustomizer.customize(ServletWebServerFactoryCustomizer.java:54) ~[spring-boot-autoconfigure-2.1.11.RELEASE.jar:2.1.11.RELEASE]
	at org.springframework.boot.autoconfigure.web.servlet.ServletWebServerFactoryCustomizer.customize(ServletWebServerFactoryCustomizer.java:35) ~[spring-boot-autoconfigure-2.1.11.RELEASE.jar:2.1.11.RELEASE]
	at org.springframework.boot.web.server.WebServerFactoryCustomizerBeanPostProcessor.lambda$postProcessBeforeInitialization$0(WebServerFactoryCustomizerBeanPostProcessor.java:72) ~[spring-boot-2.1.11.RELEASE.jar:2.1.11.RELEASE]
	at org.springframework.boot.util.LambdaSafe$Callbacks.lambda$null$0(LambdaSafe.java:283) ~[spring-boot-2.1.11.RELEASE.jar:2.1.11.RELEASE]
	at org.springframework.boot.util.LambdaSafe$LambdaSafeCallback.invoke(LambdaSafe.java:155) ~[spring-boot-2.1.11.RELEASE.jar:2.1.11.RELEASE]
	at org.springframework.boot.util.LambdaSafe$Callbacks.lambda$invoke$1(LambdaSafe.java:282) ~[spring-boot-2.1.11.RELEASE.jar:2.1.11.RELEASE]
	at java.util.ArrayList.forEach(ArrayList.java:1249) ~[na:1.8.0_111]
	at java.util.Collections$UnmodifiableCollection.forEach(Collections.java:1080) ~[na:1.8.0_111]
	at org.springframework.boot.util.LambdaSafe$Callbacks.invoke(LambdaSafe.java:282) ~[spring-boot-2.1.11.RELEASE.jar:2.1.11.RELEASE]
	at org.springframework.boot.web.server.WebServerFactoryCustomizerBeanPostProcessor.postProcessBeforeInitialization(WebServerFactoryCustomizerBeanPostProcessor.java:72) ~[spring-boot-2.1.11.RELEASE.jar:2.1.11.RELEASE]
	at org.springframework.boot.web.server.WebServerFactoryCustomizerBeanPostProcessor.postProcessBeforeInitialization(WebServerFactoryCustomizerBeanPostProcessor.java:58) ~[spring-boot-2.1.11.RELEASE.jar:2.1.11.RELEASE]
	at org.springframework.beans.factory.support.AbstractAutowireCapableBeanFactory.applyBeanPostProcessorsBeforeInitialization(AbstractAutowireCapableBeanFactory.java:414) ~[spring-beans-5.1.12.RELEASE.jar:5.1.12.RELEASE]
	at org.springframework.beans.factory.support.AbstractAutowireCapableBeanFactory.initializeBean(AbstractAutowireCapableBeanFactory.java:1763) ~[spring-beans-5.1.12.RELEASE.jar:5.1.12.RELEASE]
	at org.springframework.beans.factory.support.AbstractAutowireCapableBeanFactory.doCreateBean(AbstractAutowireCapableBeanFactory.java:593) ~[spring-beans-5.1.12.RELEASE.jar:5.1.12.RELEASE]
	... 21 common frames omitted
2020-03-06 19:48:33 [restartedMain] - Starting RestServiceDemoApplication on INBLRUBB0058 with PID 21544 (C:\sachin\Learning_Workspace\RestServiceDemo\target\classes started by sc849m in C:\sachin\Learning_Workspace\RestServiceDemo)
2020-03-06 19:48:33 [restartedMain] - The following profiles are active: complex,local
2020-03-06 19:48:33 [restartedMain] - Tomcat initialized with port(s): 8088 (http)
2020-03-06 19:48:33 [restartedMain] - Starting service [Tomcat]
2020-03-06 19:48:33 [restartedMain] - Starting Servlet engine: [Apache Tomcat/9.0.29]
2020-03-06 19:48:33 [restartedMain] - Initializing Spring embedded WebApplicationContext
2020-03-06 19:48:33 [restartedMain] - Root WebApplicationContext: initialization completed in 495 ms
2020-03-06 19:48:33 [restartedMain] - Initializing ExecutorService 'applicationTaskExecutor'
2020-03-06 19:48:33 [restartedMain] - LiveReload server is running on port 35729
2020-03-06 19:48:33 [restartedMain] - Exposing 2 endpoint(s) beneath base path '/actuator'
2020-03-06 19:48:33 [restartedMain] - Tomcat started on port(s): 8088 (http) with context path '/app'
2020-03-06 19:48:33 [restartedMain] - Started RestServiceDemoApplication in 0.741 seconds (JVM running for 6468.726)
2020-03-06 19:48:33 [restartedMain] - Condition evaluation unchanged
2020-03-06 19:49:16 [http-nio-8088-exec-3] - Initializing Spring DispatcherServlet 'dispatcherServlet'
2020-03-06 19:49:16 [http-nio-8088-exec-3] - Initializing Servlet 'dispatcherServlet'
2020-03-06 19:49:16 [http-nio-8088-exec-3] - Completed initialization in 67 ms
2020-03-06 19:49:16 [http-nio-8088-exec-3] - ERROR
2020-03-06 19:49:16 [http-nio-8088-exec-3] - WARN
2020-03-06 19:59:04 [restartedMain] - Starting RestServiceDemoApplication on INBLRUBB0058 with PID 3244 (C:\sachin\Learning_Workspace\RestServiceDemo\target\classes started by sc849m in C:\sachin\Learning_Workspace\RestServiceDemo)
2020-03-06 19:59:04 [restartedMain] - The following profiles are active: complex,local
2020-03-06 19:59:04 [restartedMain] - Devtools property defaults active! Set 'spring.devtools.add-properties' to 'false' to disable
2020-03-06 19:59:04 [restartedMain] - For additional web related logging consider setting the 'logging.level.web' property to 'DEBUG'
2020-03-06 19:59:09 [restartedMain] - Tomcat initialized with port(s): 8088 (http)
2020-03-06 19:59:09 [restartedMain] - Starting service [Tomcat]
2020-03-06 19:59:09 [restartedMain] - Starting Servlet engine: [Apache Tomcat/9.0.29]
2020-03-06 19:59:10 [restartedMain] - Initializing Spring embedded WebApplicationContext
2020-03-06 19:59:10 [restartedMain] - Root WebApplicationContext: initialization completed in 5524 ms
2020-03-06 19:59:11 [restartedMain] - Initializing ExecutorService 'applicationTaskExecutor'
2020-03-06 19:59:12 [restartedMain] - Unable to start LiveReload server
2020-03-06 19:59:12 [restartedMain] - Exposing 2 endpoint(s) beneath base path '/actuator'
2020-03-06 19:59:12 [restartedMain] - Failed to start component [Connector[HTTP/1.1-8088]]
org.apache.catalina.LifecycleException: Protocol handler start failed
	at org.apache.catalina.connector.Connector.startInternal(Connector.java:1008)
	at org.apache.catalina.util.LifecycleBase.start(LifecycleBase.java:183)
	at org.apache.catalina.core.StandardService.addConnector(StandardService.java:227)
	at org.springframework.boot.web.embedded.tomcat.TomcatWebServer.addPreviouslyRemovedConnectors(TomcatWebServer.java:263)
	at org.springframework.boot.web.embedded.tomcat.TomcatWebServer.start(TomcatWebServer.java:195)
	at org.springframework.boot.web.servlet.context.ServletWebServerApplicationContext.startWebServer(ServletWebServerApplicationContext.java:297)
	at org.springframework.boot.web.servlet.context.ServletWebServerApplicationContext.finishRefresh(ServletWebServerApplicationContext.java:163)
	at org.springframework.context.support.AbstractApplicationContext.refresh(AbstractApplicationContext.java:552)
	at org.springframework.boot.web.servlet.context.ServletWebServerApplicationContext.refresh(ServletWebServerApplicationContext.java:141)
	at org.springframework.boot.SpringApplication.refresh(SpringApplication.java:744)
	at org.springframework.boot.SpringApplication.refreshContext(SpringApplication.java:391)
	at org.springframework.boot.SpringApplication.run(SpringApplication.java:312)
	at org.springframework.boot.SpringApplication.run(SpringApplication.java:1215)
	at org.springframework.boot.SpringApplication.run(SpringApplication.java:1204)
	at com.example.sachin.RestServiceDemo.RestServiceDemoApplication.main(RestServiceDemoApplication.java:14)
	at sun.reflect.NativeMethodAccessorImpl.invoke0(Native Method)
	at sun.reflect.NativeMethodAccessorImpl.invoke(NativeMethodAccessorImpl.java:62)
	at sun.reflect.DelegatingMethodAccessorImpl.invoke(DelegatingMethodAccessorImpl.java:43)
	at java.lang.reflect.Method.invoke(Method.java:498)
	at org.springframework.boot.devtools.restart.RestartLauncher.run(RestartLauncher.java:49)
Caused by: java.net.BindException: Address already in use: bind
	at sun.nio.ch.Net.bind0(Native Method)
	at sun.nio.ch.Net.bind(Net.java:433)
	at sun.nio.ch.Net.bind(Net.java:425)
	at sun.nio.ch.ServerSocketChannelImpl.bind(ServerSocketChannelImpl.java:223)
	at sun.nio.ch.ServerSocketAdaptor.bind(ServerSocketAdaptor.java:74)
	at org.apache.tomcat.util.net.NioEndpoint.initServerSocket(NioEndpoint.java:230)
	at org.apache.tomcat.util.net.NioEndpoint.bind(NioEndpoint.java:213)
	at org.apache.tomcat.util.net.AbstractEndpoint.bindWithCleanup(AbstractEndpoint.java:1142)
	at org.apache.tomcat.util.net.AbstractEndpoint.start(AbstractEndpoint.java:1228)
	at org.apache.coyote.AbstractProtocol.start(AbstractProtocol.java:586)
	at org.apache.catalina.connector.Connector.startInternal(Connector.java:1005)
	... 19 common frames omitted
2020-03-06 19:59:12 [restartedMain] - Stopping service [Tomcat]
2020-03-06 19:59:12 [restartedMain] - 

Error starting ApplicationContext. To display the conditions report re-run your application with 'debug' enabled.
2020-03-06 19:59:12 [restartedMain] - 

***************************
APPLICATION FAILED TO START
***************************

Description:

The Tomcat connector configured to listen on port 8088 failed to start. The port may already be in use or the connector may be misconfigured.

Action:

Verify the connector's configuration, identify and stop any process that's listening on port 8088, or configure this application to listen on another port.

2020-03-06 19:59:12 [restartedMain] - Shutting down ExecutorService 'applicationTaskExecutor'
2020-03-06 19:59:31 [Thread-148] - Shutting down ExecutorService 'applicationTaskExecutor'
2020-03-06 19:59:32 [restartedMain] - Starting RestServiceDemoApplication on INBLRUBB0058 with PID 21544 (C:\sachin\Learning_Workspace\RestServiceDemo\target\classes started by sc849m in C:\sachin\Learning_Workspace\RestServiceDemo)
2020-03-06 19:59:32 [restartedMain] - The following profiles are active: complex
2020-03-06 19:59:33 [restartedMain] - Tomcat initialized with port(s): 8080 (http)
2020-03-06 19:59:33 [restartedMain] - Starting service [Tomcat]
2020-03-06 19:59:33 [restartedMain] - Starting Servlet engine: [Apache Tomcat/9.0.29]
2020-03-06 19:59:33 [restartedMain] - Initializing Spring embedded WebApplicationContext
2020-03-06 19:59:33 [restartedMain] - Root WebApplicationContext: initialization completed in 455 ms
2020-03-06 19:59:33 [restartedMain] - Initializing ExecutorService 'applicationTaskExecutor'
2020-03-06 19:59:33 [restartedMain] - LiveReload server is running on port 35729
2020-03-06 19:59:33 [restartedMain] - Exposing 2 endpoint(s) beneath base path '/actuator'
2020-03-06 19:59:33 [restartedMain] - Tomcat started on port(s): 8080 (http) with context path '/app'
2020-03-06 19:59:33 [restartedMain] - Started RestServiceDemoApplication in 0.713 seconds (JVM running for 7128.296)
2020-03-06 19:59:33 [restartedMain] - Condition evaluation unchanged
2020-03-06 20:00:45 [restartedMain] - Starting RestServiceDemoApplication on INBLRUBB0058 with PID 22296 (C:\sachin\Learning_Workspace\RestServiceDemo\target\classes started by sc849m in C:\sachin\Learning_Workspace\RestServiceDemo)
2020-03-06 20:00:45 [restartedMain] - The following profiles are active: complex,local
2020-03-06 20:00:45 [restartedMain] - Devtools property defaults active! Set 'spring.devtools.add-properties' to 'false' to disable
2020-03-06 20:00:45 [restartedMain] - For additional web related logging consider setting the 'logging.level.web' property to 'DEBUG'
2020-03-06 20:00:49 [restartedMain] - Tomcat initialized with port(s): 8088 (http)
2020-03-06 20:00:49 [restartedMain] - Starting service [Tomcat]
2020-03-06 20:00:49 [restartedMain] - Starting Servlet engine: [Apache Tomcat/9.0.29]
2020-03-06 20:00:49 [restartedMain] - Initializing Spring embedded WebApplicationContext
2020-03-06 20:00:49 [restartedMain] - Root WebApplicationContext: initialization completed in 3782 ms
2020-03-06 20:00:50 [restartedMain] - Initializing ExecutorService 'applicationTaskExecutor'
2020-03-06 20:00:51 [restartedMain] - Unable to start LiveReload server
2020-03-06 20:00:51 [restartedMain] - Exposing 2 endpoint(s) beneath base path '/actuator'
2020-03-06 20:00:51 [restartedMain] - Tomcat started on port(s): 8088 (http) with context path '/app'
2020-03-06 20:00:51 [restartedMain] - Started RestServiceDemoApplication in 7.027 seconds (JVM running for 8.015)
2020-03-06 20:10:43 [Thread-1] - Shutting down ExecutorService 'applicationTaskExecutor'
2020-03-06 20:10:43 [Thread-157] - Shutting down ExecutorService 'applicationTaskExecutor'
2020-03-06 20:10:44 [restartedMain] - Starting RestServiceDemoApplication on INBLRUBB0058 with PID 22296 (C:\sachin\Learning_Workspace\RestServiceDemo\target\classes started by sc849m in C:\sachin\Learning_Workspace\RestServiceDemo)
2020-03-06 20:10:44 [restartedMain] - The following profiles are active: complex,local
2020-03-06 20:10:45 [restartedMain] - Starting RestServiceDemoApplication on INBLRUBB0058 with PID 21544 (C:\sachin\Learning_Workspace\RestServiceDemo\target\classes started by sc849m in C:\sachin\Learning_Workspace\RestServiceDemo)
2020-03-06 20:10:45 [restartedMain] - The following profiles are active: complex
2020-03-06 20:10:46 [restartedMain] - Tomcat initialized with port(s): 8088 (http)
2020-03-06 20:10:46 [restartedMain] - Starting service [Tomcat]
2020-03-06 20:10:46 [restartedMain] - Starting Servlet engine: [Apache Tomcat/9.0.29]
2020-03-06 20:10:46 [restartedMain] - Initializing Spring embedded WebApplicationContext
2020-03-06 20:10:46 [restartedMain] - Root WebApplicationContext: initialization completed in 2514 ms
2020-03-06 20:10:47 [restartedMain] - Tomcat initialized with port(s): 8080 (http)
2020-03-06 20:10:47 [restartedMain] - Starting service [Tomcat]
2020-03-06 20:10:47 [restartedMain] - Starting Servlet engine: [Apache Tomcat/9.0.29]
2020-03-06 20:10:47 [restartedMain] - Initializing Spring embedded WebApplicationContext
2020-03-06 20:10:47 [restartedMain] - Root WebApplicationContext: initialization completed in 2015 ms
2020-03-06 20:10:47 [restartedMain] - Initializing ExecutorService 'applicationTaskExecutor'
2020-03-06 20:10:48 [restartedMain] - Initializing ExecutorService 'applicationTaskExecutor'
2020-03-06 20:10:48 [restartedMain] - LiveReload server is running on port 35729
2020-03-06 20:10:48 [restartedMain] - Exposing 2 endpoint(s) beneath base path '/actuator'
2020-03-06 20:10:48 [restartedMain] - Tomcat started on port(s): 8080 (http) with context path '/app'
2020-03-06 20:10:48 [restartedMain] - Started RestServiceDemoApplication in 3.392 seconds (JVM running for 7803.478)
2020-03-06 20:10:48 [restartedMain] - Condition evaluation unchanged
2020-03-06 20:10:48 [restartedMain] - Unable to start LiveReload server
2020-03-06 20:10:48 [restartedMain] - Exposing 2 endpoint(s) beneath base path '/actuator'
2020-03-06 20:10:48 [restartedMain] - Tomcat started on port(s): 8088 (http) with context path '/app'
2020-03-06 20:10:48 [restartedMain] - Started RestServiceDemoApplication in 4.712 seconds (JVM running for 605.283)
2020-03-06 20:10:48 [restartedMain] - Condition evaluation unchanged
2020-03-06 20:11:21 [Thread-163] - Shutting down ExecutorService 'applicationTaskExecutor'
2020-03-06 20:11:21 [Thread-8] - Shutting down ExecutorService 'applicationTaskExecutor'
2020-03-06 20:11:22 [restartedMain] - Starting RestServiceDemoApplication on INBLRUBB0058 with PID 21544 (C:\sachin\Learning_Workspace\RestServiceDemo\target\classes started by sc849m in C:\sachin\Learning_Workspace\RestServiceDemo)
2020-03-06 20:11:22 [restartedMain] - The following profiles are active: complex
2020-03-06 20:11:22 [restartedMain] - Starting RestServiceDemoApplication on INBLRUBB0058 with PID 22296 (C:\sachin\Learning_Workspace\RestServiceDemo\target\classes started by sc849m in C:\sachin\Learning_Workspace\RestServiceDemo)
2020-03-06 20:11:22 [restartedMain] - The following profiles are active: complex,local
2020-03-06 20:11:24 [restartedMain] - Tomcat initialized with port(s): 8080 (http)
2020-03-06 20:11:24 [restartedMain] - Starting service [Tomcat]
2020-03-06 20:11:24 [restartedMain] - Starting Servlet engine: [Apache Tomcat/9.0.29]
2020-03-06 20:11:24 [restartedMain] - Initializing Spring embedded WebApplicationContext
2020-03-06 20:11:24 [restartedMain] - Root WebApplicationContext: initialization completed in 1392 ms
2020-03-06 20:11:24 [restartedMain] - Tomcat initialized with port(s): 8088 (http)
2020-03-06 20:11:24 [restartedMain] - Starting service [Tomcat]
2020-03-06 20:11:24 [restartedMain] - Starting Servlet engine: [Apache Tomcat/9.0.29]
2020-03-06 20:11:24 [restartedMain] - Initializing Spring embedded WebApplicationContext
2020-03-06 20:11:24 [restartedMain] - Root WebApplicationContext: initialization completed in 1771 ms
2020-03-06 20:11:24 [restartedMain] - Initializing ExecutorService 'applicationTaskExecutor'
2020-03-06 20:11:25 [restartedMain] - LiveReload server is running on port 35729
2020-03-06 20:11:25 [restartedMain] - Exposing 2 endpoint(s) beneath base path '/actuator'
2020-03-06 20:11:25 [restartedMain] - Tomcat started on port(s): 8080 (http) with context path '/app'
2020-03-06 20:11:25 [restartedMain] - Started RestServiceDemoApplication in 2.411 seconds (JVM running for 7839.972)
2020-03-06 20:11:25 [restartedMain] - Condition evaluation unchanged
2020-03-06 20:11:25 [restartedMain] - Initializing ExecutorService 'applicationTaskExecutor'
2020-03-06 20:11:25 [restartedMain] - Unable to start LiveReload server
2020-03-06 20:11:25 [restartedMain] - Exposing 2 endpoint(s) beneath base path '/actuator'
2020-03-06 20:11:25 [restartedMain] - Tomcat started on port(s): 8088 (http) with context path '/app'
2020-03-06 20:11:25 [restartedMain] - Started RestServiceDemoApplication in 2.852 seconds (JVM running for 642.033)
2020-03-06 20:11:25 [restartedMain] - Condition evaluation unchanged
2020-03-06 20:11:28 [Thread-169] - Shutting down ExecutorService 'applicationTaskExecutor'
2020-03-06 20:11:29 [Thread-14] - Shutting down ExecutorService 'applicationTaskExecutor'
2020-03-06 20:11:29 [restartedMain] - Starting RestServiceDemoApplication on INBLRUBB0058 with PID 21544 (C:\sachin\Learning_Workspace\RestServiceDemo\target\classes started by sc849m in C:\sachin\Learning_Workspace\RestServiceDemo)
2020-03-06 20:11:29 [restartedMain] - The following profiles are active: complex
2020-03-06 20:11:29 [restartedMain] - Starting RestServiceDemoApplication on INBLRUBB0058 with PID 22296 (C:\sachin\Learning_Workspace\RestServiceDemo\target\classes started by sc849m in C:\sachin\Learning_Workspace\RestServiceDemo)
2020-03-06 20:11:29 [restartedMain] - The following profiles are active: complex,local
2020-03-06 20:11:30 [restartedMain] - Tomcat initialized with port(s): 8080 (http)
2020-03-06 20:11:30 [restartedMain] - Starting service [Tomcat]
2020-03-06 20:11:30 [restartedMain] - Starting Servlet engine: [Apache Tomcat/9.0.29]
2020-03-06 20:11:30 [restartedMain] - Initializing Spring embedded WebApplicationContext
2020-03-06 20:11:30 [restartedMain] - Root WebApplicationContext: initialization completed in 940 ms
2020-03-06 20:11:30 [restartedMain] - Tomcat initialized with port(s): 8088 (http)
2020-03-06 20:11:30 [restartedMain] - Starting service [Tomcat]
2020-03-06 20:11:30 [restartedMain] - Starting Servlet engine: [Apache Tomcat/9.0.29]
2020-03-06 20:11:30 [restartedMain] - Initializing ExecutorService 'applicationTaskExecutor'
2020-03-06 20:11:30 [restartedMain] - Initializing Spring embedded WebApplicationContext
2020-03-06 20:11:30 [restartedMain] - Root WebApplicationContext: initialization completed in 1152 ms
2020-03-06 20:11:30 [restartedMain] - LiveReload server is running on port 35729
2020-03-06 20:11:30 [restartedMain] - Exposing 2 endpoint(s) beneath base path '/actuator'
2020-03-06 20:11:30 [restartedMain] - Tomcat started on port(s): 8080 (http) with context path '/app'
2020-03-06 20:11:30 [restartedMain] - Started RestServiceDemoApplication in 1.552 seconds (JVM running for 7845.636)
2020-03-06 20:11:30 [restartedMain] - Condition evaluation unchanged
2020-03-06 20:11:30 [restartedMain] - Initializing ExecutorService 'applicationTaskExecutor'
2020-03-06 20:11:31 [restartedMain] - Unable to start LiveReload server
2020-03-06 20:11:31 [restartedMain] - Exposing 2 endpoint(s) beneath base path '/actuator'
2020-03-06 20:11:31 [restartedMain] - Tomcat started on port(s): 8088 (http) with context path '/app'
2020-03-06 20:11:31 [restartedMain] - Started RestServiceDemoApplication in 1.804 seconds (JVM running for 647.616)
2020-03-06 20:11:31 [restartedMain] - Condition evaluation unchanged
2020-03-06 20:11:42 [Thread-175] - Shutting down ExecutorService 'applicationTaskExecutor'
2020-03-06 20:11:42 [Thread-20] - Shutting down ExecutorService 'applicationTaskExecutor'
2020-03-06 20:11:43 [restartedMain] - Starting RestServiceDemoApplication on INBLRUBB0058 with PID 21544 (C:\sachin\Learning_Workspace\RestServiceDemo\target\classes started by sc849m in C:\sachin\Learning_Workspace\RestServiceDemo)
2020-03-06 20:11:43 [restartedMain] - The following profiles are active: complex
2020-03-06 20:11:43 [restartedMain] - Starting RestServiceDemoApplication on INBLRUBB0058 with PID 22296 (C:\sachin\Learning_Workspace\RestServiceDemo\target\classes started by sc849m in C:\sachin\Learning_Workspace\RestServiceDemo)
2020-03-06 20:11:43 [restartedMain] - The following profiles are active: complex,local
2020-03-06 20:11:43 [restartedMain] - Tomcat initialized with port(s): 8080 (http)
2020-03-06 20:11:43 [restartedMain] - Starting service [Tomcat]
2020-03-06 20:11:43 [restartedMain] - Starting Servlet engine: [Apache Tomcat/9.0.29]
2020-03-06 20:11:44 [restartedMain] - Initializing Spring embedded WebApplicationContext
2020-03-06 20:11:44 [restartedMain] - Root WebApplicationContext: initialization completed in 904 ms
2020-03-06 20:11:44 [restartedMain] - Initializing ExecutorService 'applicationTaskExecutor'
2020-03-06 20:11:44 [restartedMain] - Tomcat initialized with port(s): 8088 (http)
2020-03-06 20:11:44 [restartedMain] - Starting service [Tomcat]
2020-03-06 20:11:44 [restartedMain] - Starting Servlet engine: [Apache Tomcat/9.0.29]
2020-03-06 20:11:44 [restartedMain] - Initializing Spring embedded WebApplicationContext
2020-03-06 20:11:44 [restartedMain] - Root WebApplicationContext: initialization completed in 1188 ms
2020-03-06 20:11:44 [restartedMain] - LiveReload server is running on port 35729
2020-03-06 20:11:44 [restartedMain] - Exposing 2 endpoint(s) beneath base path '/actuator'
2020-03-06 20:11:44 [restartedMain] - Tomcat started on port(s): 8080 (http) with context path '/app'
2020-03-06 20:11:44 [restartedMain] - Started RestServiceDemoApplication in 1.49 seconds (JVM running for 7859.331)
2020-03-06 20:11:44 [restartedMain] - Condition evaluation unchanged
2020-03-06 20:11:44 [restartedMain] - Initializing ExecutorService 'applicationTaskExecutor'
2020-03-06 20:11:44 [restartedMain] - Unable to start LiveReload server
2020-03-06 20:11:44 [restartedMain] - Exposing 2 endpoint(s) beneath base path '/actuator'
2020-03-06 20:11:44 [restartedMain] - Tomcat started on port(s): 8088 (http) with context path '/app'
2020-03-06 20:11:44 [restartedMain] - Started RestServiceDemoApplication in 1.766 seconds (JVM running for 661.353)
2020-03-06 20:11:44 [restartedMain] - Condition evaluation unchanged
2020-03-06 20:13:10 [Thread-181] - Shutting down ExecutorService 'applicationTaskExecutor'
2020-03-06 20:13:10 [Thread-26] - Shutting down ExecutorService 'applicationTaskExecutor'
2020-03-06 20:13:11 [restartedMain] - Starting RestServiceDemoApplication on INBLRUBB0058 with PID 21544 (C:\sachin\Learning_Workspace\RestServiceDemo\target\classes started by sc849m in C:\sachin\Learning_Workspace\RestServiceDemo)
2020-03-06 20:13:11 [restartedMain] - The following profiles are active: complex
2020-03-06 20:13:11 [restartedMain] - Starting RestServiceDemoApplication on INBLRUBB0058 with PID 22296 (C:\sachin\Learning_Workspace\RestServiceDemo\target\classes started by sc849m in C:\sachin\Learning_Workspace\RestServiceDemo)
2020-03-06 20:13:11 [restartedMain] - The following profiles are active: complex,local
2020-03-06 20:13:11 [restartedMain] - Tomcat initialized with port(s): 8080 (http)
2020-03-06 20:13:11 [restartedMain] - Starting service [Tomcat]
2020-03-06 20:13:11 [restartedMain] - Starting Servlet engine: [Apache Tomcat/9.0.29]
2020-03-06 20:13:12 [restartedMain] - Initializing Spring embedded WebApplicationContext
2020-03-06 20:13:12 [restartedMain] - Root WebApplicationContext: initialization completed in 937 ms
2020-03-06 20:13:12 [restartedMain] - Initializing ExecutorService 'applicationTaskExecutor'
2020-03-06 20:13:12 [restartedMain] - Tomcat initialized with port(s): 8088 (http)
2020-03-06 20:13:12 [restartedMain] - Starting service [Tomcat]
2020-03-06 20:13:12 [restartedMain] - Starting Servlet engine: [Apache Tomcat/9.0.29]
2020-03-06 20:13:12 [restartedMain] - LiveReload server is running on port 35729
2020-03-06 20:13:12 [restartedMain] - Exposing 2 endpoint(s) beneath base path '/actuator'
2020-03-06 20:13:12 [restartedMain] - Initializing Spring embedded WebApplicationContext
2020-03-06 20:13:12 [restartedMain] - Root WebApplicationContext: initialization completed in 1127 ms
2020-03-06 20:13:12 [restartedMain] - Tomcat started on port(s): 8080 (http) with context path '/app'
2020-03-06 20:13:12 [restartedMain] - Started RestServiceDemoApplication in 1.478 seconds (JVM running for 7947.268)
2020-03-06 20:13:12 [restartedMain] - Condition evaluation unchanged
2020-03-06 20:13:12 [restartedMain] - Initializing ExecutorService 'applicationTaskExecutor'
2020-03-06 20:13:13 [restartedMain] - Unable to start LiveReload server
2020-03-06 20:13:13 [restartedMain] - Exposing 2 endpoint(s) beneath base path '/actuator'
2020-03-06 20:13:13 [restartedMain] - Tomcat started on port(s): 8088 (http) with context path '/app'
2020-03-06 20:13:13 [restartedMain] - Started RestServiceDemoApplication in 1.886 seconds (JVM running for 749.514)
2020-03-06 20:13:13 [restartedMain] - Condition evaluation unchanged
